<?xml version="1.0" encoding="UTF-8"?>
<!-- Generated by org.testng.reporters.JUnitReportReporter -->
<testsuite hostname="DESKTOP-VF8271D" failures="0" tests="1" name="testNg_Example.Wd_Test" time="22.867" errors="0" timestamp="19 Jun 2021 03:06:54 GMT">
  <testcase classname="testNg_Example.Wd_Test" name="Tc002" time="22.867"/>
</testsuite> <!-- testNg_Example.Wd_Test -->
