<?xml version="1.0" encoding="UTF-8"?>
<!-- Generated by org.testng.reporters.JUnitReportReporter -->
<testsuite hostname="DESKTOP-VF8271D" failures="0" tests="1" name="com.hrms.TestScripts.TC001" time="12.228" errors="0" timestamp="21 Jun 2021 06:29:57 GMT">
  <testcase classname="com.hrms.TestScripts.TC001" name="TC001" time="12.228"/>
</testsuite> <!-- com.hrms.TestScripts.TC001 -->
