<?xml version="1.0" encoding="UTF-8"?>
<!-- Generated by org.testng.reporters.JUnitReportReporter -->
<testsuite hostname="DESKTOP-VF8271D" failures="0" tests="1" name="testNg_Example.ScreenShot" time="39.595" errors="0" timestamp="20 Jun 2021 07:33:55 GMT">
  <testcase classname="testNg_Example.ScreenShot" name="tc002" time="39.595"/>
</testsuite> <!-- testNg_Example.ScreenShot -->
