<?xml version="1.0" encoding="UTF-8"?>
<!-- Generated by org.testng.reporters.JUnitReportReporter -->
<testsuite hostname="DESKTOP-VF8271D" failures="0" tests="2" name="testNg_Example.TestNg_EX" time="0.009" errors="0" timestamp="18 Jun 2021 04:29:12 GMT">
  <testcase classname="testNg_Example.TestNg_EX" name="Add" time="0.007"/>
  <testcase classname="testNg_Example.TestNg_EX" name="Delet" time="0.002"/>
</testsuite> <!-- testNg_Example.TestNg_EX -->
