<?xml version="1.0" encoding="UTF-8"?>
<!-- Generated by org.testng.reporters.JUnitReportReporter -->
<testsuite hostname="DESKTOP-VF8271D" failures="0" tests="1" name="testNg_Example.Drag_Drop" time="26.726" errors="0" timestamp="19 Jun 2021 11:54:27 GMT">
  <testcase classname="testNg_Example.Drag_Drop" name="D_G" time="26.726"/>
</testsuite> <!-- testNg_Example.Drag_Drop -->
